\BOOKMARK [0][-]{chapter.1}{\376\377\060\020\134\016\212\000\060\021}{}% 1
\BOOKMARK [1][-]{section.1.1}{\376\377\060\020\172\005\166\356\060\021}{chapter.1}% 2
\BOOKMARK [1][-]{section.1.2}{\376\377\060\020\175\234\142\100\172\005\127\050\142\021\127\013\172\005\122\066\166\204\127\060\117\115\060\021}{chapter.1}% 3
\BOOKMARK [1][-]{section.1.3}{\376\377\060\020\142\100\137\227\172\005\154\325\166\204\211\217\173\304\147\266\151\313\060\021}{chapter.1}% 4
\BOOKMARK [1][-]{section.1.4}{\376\377\060\020\225\213\131\313\167\013\154\325\150\235\060\021}{chapter.1}% 5
\BOOKMARK [1][-]{section.1.5}{\376\377\060\020\121\215\212\307\172\005\154\325\211\217\173\304\232\324\174\373\060\021}{chapter.1}% 6
\BOOKMARK [0][-]{chapter.2}{\376\377\060\020\172\005\143\120\120\265\122\331\060\021}{}% 7
\BOOKMARK [1][-]{section.2.1}{\376\377\060\020\172\005\154\325\116\012\151\313\142\020\211\201\116\366\060\021}{chapter.2}% 8
\BOOKMARK [2][-]{subsection.2.1.1}{\376\377\060\020\116\073\232\324\060\021}{section.2.1}% 9
\BOOKMARK [2][-]{subsection.2.1.2}{\376\377\060\020\133\242\232\324\060\021}{section.2.1}% 10
\BOOKMARK [2][-]{subsection.2.1.3}{\376\377\060\020\172\005\127\372\060\021}{section.2.1}% 11
\BOOKMARK [2][-]{subsection.2.1.4}{\376\377\060\020\172\005\163\207\060\021}{section.2.1}% 12
\BOOKMARK [1][-]{section.2.2}{\376\377\060\020\172\005\154\325\116\012\154\325\137\213\145\110\147\234\060\021}{chapter.2}% 13
\BOOKMARK [1][-]{section.2.3}{\376\377\060\020\221\317\200\375\212\262\172\005\123\237\122\107\060\021}{chapter.2}% 14
\BOOKMARK [2][-]{subsection.2.3.1}{\376\377\060\020\221\317\200\375\212\262\172\005\123\237\122\107\166\204\141\262\154\325\116\012\141\017\177\251\060\021}{section.2.3}% 15
\BOOKMARK [2][-]{subsection.2.3.2}{\376\377\060\020\221\317\200\375\212\262\172\005\123\237\122\107\166\204\124\004\230\005\133\120\123\237\122\107\060\021}{section.2.3}% 16
\BOOKMARK [3][-]{subsubsection*.2}{\376\377\146\156\220\115\123\237\122\107}{subsection.2.3.2}% 17
\BOOKMARK [3][-]{subsubsection*.3}{\376\377\121\150\220\350\123\237\122\107}{subsection.2.3.2}% 18
\BOOKMARK [3][-]{subsubsection*.4}{\376\377\133\346\163\376\123\237\122\107}{subsection.2.3.2}% 19
\BOOKMARK [3][-]{subsubsection*.5}{\376\377\133\346\120\371\377\010\133\346\120\074\377\011\123\237\122\107}{subsection.2.3.2}% 20
\BOOKMARK [3][-]{subsubsection*.6}{\376\377\133\242\211\300\155\350\120\074\123\237\122\107}{subsection.2.3.2}% 21
\BOOKMARK [3][-]{subsubsection*.7}{\376\377\116\073\211\300\155\350\120\074\123\237\122\107}{subsection.2.3.2}% 22
\BOOKMARK [3][-]{subsubsection*.8}{\376\377\120\013\122\045\116\073\232\324\212\262\172\005\123\237\122\107}{subsection.2.3.2}% 23
\BOOKMARK [3][-]{subsubsection*.9}{\376\377\175\234\124\010\142\100\137\227\212\262\172\005\123\237\122\107}{subsection.2.3.2}% 24
\BOOKMARK [3][-]{subsubsection*.10}{\376\377\175\102\165\037\142\100\137\227\212\262\172\005\123\237\122\107}{subsection.2.3.2}% 25
\BOOKMARK [3][-]{subsubsection*.11}{\376\377\153\324\117\213\172\005\163\207\123\237\122\107}{subsection.2.3.2}% 26
\BOOKMARK [2][-]{subsection.2.3.3}{\376\377\060\020\221\317\200\375\212\262\172\005\123\237\122\107\166\204\124\004\230\005\133\120\123\237\122\107\127\050\175\234\142\100\172\005\116\012\166\204\220\125\123\315\060\021}{section.2.3}% 27
\BOOKMARK [3][-]{subsubsection*.12}{\376\377\060\020\173\054\116\000\230\005\146\156\220\115\123\237\122\107\060\021}{subsection.2.3.3}% 28
\BOOKMARK [3][-]{subsubsection*.13}{\376\377\060\020\173\054\116\214\230\005\121\150\220\350\123\237\122\107\123\312\121\166\137\214\124\004\230\005\060\021}{subsection.2.3.3}% 29
\BOOKMARK [1][-]{section.2.4}{\376\377\060\020\172\005\143\120\116\073\232\324\377\010\175\015\172\005\177\251\122\331\116\272\377\011\060\021}{chapter.2}% 30
\BOOKMARK [2][-]{subsection.2.4.1}{\376\377\060\020\172\005\174\115\060\001\127\013\174\115\060\001\142\066\174\115\060\021}{section.2.4}% 31
\BOOKMARK [2][-]{subsection.2.4.2}{\376\377\060\020\220\172\215\010\172\005\154\325\166\204\172\005\174\115\060\021}{section.2.4}% 32
\BOOKMARK [2][-]{subsection.2.4.3}{\376\377\060\020\172\005\174\115\220\043\175\120\142\066\174\115\060\021}{section.2.4}% 33
\BOOKMARK [3][-]{subsubsection*.14}{\376\377\060\020\121\151\134\270\116\272\154\021\225\334\117\302\150\235\117\213\060\021}{subsection.2.4.3}% 34
\BOOKMARK [3][-]{subsubsection*.15}{\376\377\060\020\231\231\156\057\157\263\225\200\225\334\117\302\150\235\117\213\060\021}{subsection.2.4.3}% 35
\BOOKMARK [3][-]{subsubsection*.16}{\376\377\060\020\127\037\127\060\172\005\154\325\173\054\0009\150\235\060\021}{subsection.2.4.3}% 36
\BOOKMARK [2][-]{subsection.2.4.4}{\376\377\060\020\172\005\174\115\134\105\154\021\134\017\175\120\060\021}{section.2.4}% 37
\BOOKMARK [2][-]{subsection.2.4.5}{\376\377\060\020\134\017\175\120\060\021}{section.2.4}% 38
\BOOKMARK [1][-]{section.2.5}{\376\377\060\020\172\005\143\120\133\242\232\324\060\021}{chapter.2}% 39
\BOOKMARK [2][-]{subsection.2.5.1}{\376\377\060\020\172\005\143\120\133\242\232\324\116\113\122\044\145\267\155\101\172\013\060\021}{section.2.5}% 40
\BOOKMARK [2][-]{subsection.2.5.2}{\376\377\060\020\142\100\137\227\166\204\151\202\137\365\157\024\213\212\060\021}{section.2.5}% 41
\BOOKMARK [2][-]{subsection.2.5.3}{\376\377\060\020\142\021\127\013\166\204\142\100\137\227\151\202\137\365\060\021}{section.2.5}% 42
\BOOKMARK [2][-]{subsection.2.5.4}{\376\377\060\020\146\057\124\046\142\100\137\227\116\113\122\044\145\267\060\021}{section.2.5}% 43
\BOOKMARK [3][-]{subsubsection*.17}{\376\377\060\020\144\015\133\263\214\340\121\037\060\021}{subsection.2.5.4}% 44
\BOOKMARK [3][-]{subsubsection*.18}{\376\377\060\020\144\015\131\061\210\334\121\037\060\021}{subsection.2.5.4}% 45
\BOOKMARK [3][-]{subsubsection*.19}{\376\377\060\020\213\212\122\325\142\100\137\227\060\021}{subsection.2.5.4}% 46
\BOOKMARK [3][-]{subsubsection*.20}{\376\377\060\020\117\335\226\252\175\146\116\330\060\021}{subsection.2.5.4}% 47
\BOOKMARK [3][-]{subsubsection*.21}{\376\377\060\020\117\341\212\027\214\241\165\042\166\204\171\373\122\325\060\021}{subsection.2.5.4}% 48
\BOOKMARK [3][-]{subsubsection*.22}{\376\377\060\020\200\241\153\076\116\113\142\225\121\145\215\337\123\326\126\336\060\021}{subsection.2.5.4}% 49
\BOOKMARK [3][-]{subsubsection*.23}{\376\377\060\020\146\057\124\046\142\100\137\227\377\014\134\017\175\120\060\021}{subsection.2.5.4}% 50
\BOOKMARK [2][-]{subsection.2.5.5}{\376\377\060\020\141\311\172\005\142\100\137\227\142\026\121\115\172\005\142\100\137\227\060\021}{section.2.5}% 51
\BOOKMARK [3][-]{subsubsection*.24}{\376\377\060\020\133\346\165\050\140\047\123\237\122\107\060\021}{subsection.2.5.5}% 52
\BOOKMARK [3][-]{subsubsection*.25}{\376\377\060\020\122\237\176\076\123\237\122\107\060\021}{subsection.2.5.5}% 53
\BOOKMARK [3][-]{subsubsection*.26}{\376\377\060\020\227\000\211\201\123\237\122\107\060\021}{subsection.2.5.5}% 54
\BOOKMARK [3][-]{subsubsection*.27}{\376\377\060\020\220\177\121\115\221\315\211\007\212\262\172\005\060\021}{subsection.2.5.5}% 55
\BOOKMARK [3][-]{subsubsection*.28}{\376\377\060\020\213\111\116\244\172\005\116\343\146\377\213\111\142\100\172\005\377\037\060\021}{subsection.2.5.5}% 56
\BOOKMARK [2][-]{subsection.2.5.6}{\376\377\060\020\142\100\137\227\230\136\127\213\060\021}{section.2.5}% 57
\BOOKMARK [3][-]{subsubsection*.29}{\376\377\060\020\116\011\236\336\123\100\122\045\133\346\166\312\060\021}{subsection.2.5.6}% 58
\BOOKMARK [3][-]{subsubsection*.30}{\376\377\060\020\163\150\172\313\122\336\122\331\060\021}{subsection.2.5.6}% 59
\BOOKMARK [3][-]{subsubsection*.34}{\376\377\060\020\227\136\163\150\172\313\122\336\122\331\060\021}{subsection.2.5.6}% 60
\BOOKMARK [3][-]{subsubsection*.37}{\376\377\060\020\214\307\147\054\142\225\121\145\060\021}{subsection.2.5.6}% 61
\BOOKMARK [3][-]{subsubsection*.38}{\376\377\060\020\121\151\172\005\124\010\116\000\060\021}{subsection.2.5.6}% 62
\BOOKMARK [3][-]{subsubsection*.39}{\376\377\060\020\116\000\146\102\140\047\060\021}{subsection.2.5.6}% 63
\BOOKMARK [3][-]{subsubsection*.40}{\376\377\060\020\142\100\137\227\230\136\127\213\377\014\134\017\175\120\060\021}{subsection.2.5.6}% 64
\BOOKMARK [2][-]{subsection.2.5.7}{\376\377\060\020\142\100\137\227\116\113\133\346\163\376\060\021}{section.2.5}% 65
\BOOKMARK [3][-]{subsubsection*.41}{\376\377\060\020\142\100\137\227\116\113\133\346\163\376\146\102\060\021}{subsection.2.5.7}% 66
\BOOKMARK [3][-]{subsubsection*.42}{\376\377\060\020\142\100\137\227\133\346\163\376\127\060\236\336\060\021}{subsection.2.5.7}% 67
\BOOKMARK [3][-]{subsubsection*.43}{\376\377\060\020\142\100\137\227\117\206\156\220\123\100\122\006\133\346\166\312\060\021}{subsection.2.5.7}% 68
\BOOKMARK [3][-]{subsubsection*.44}{\376\377\060\020\173\054\0008\150\235\377\014\116\055\203\357\154\021\127\013\117\206\156\220\060\021}{subsection.2.5.7}% 69
\BOOKMARK [3][-]{subsubsection*.45}{\376\377\060\020\173\054\0008\150\235\377\014\117\206\156\220\142\100\137\227\212\215\133\232\123\237\122\107\060\021}{subsection.2.5.7}% 70
\BOOKMARK [2][-]{subsection.2.5.8}{\376\377\060\020\142\100\137\227\117\206\156\220\127\060\122\044\145\267\377\014\141\311\161\066\060\021}{section.2.5}% 71
\BOOKMARK [3][-]{subsubsection*.49}{\376\377\060\020\142\100\213\002\166\204\116\055\203\357\154\021\127\013\230\030\127\337\060\021}{subsection.2.5.8}% 72
\BOOKMARK [3][-]{subsubsection*.50}{\376\377\060\020\142\100\137\227\117\206\156\220\127\060\116\113\126\333\120\013\122\044\145\267\152\031\156\226\377\014\151\202\212\254\060\021}{subsection.2.5.8}% 73
\BOOKMARK [3][-]{subsubsection*.55}{\376\377\060\020\227\136\163\150\172\313\122\336\122\331\202\007\161\337\122\051\116\213\151\155\060\021}{subsection.2.5.8}% 74
\BOOKMARK [3][-]{subsubsection*.56}{\376\377\060\020\227\136\172\005\174\115\134\105\154\021\127\050\142\021\127\013\130\203\121\147\060\021}{subsection.2.5.8}% 75
\BOOKMARK [3][-]{subsubsection*.57}{\376\377\060\020\133\163\140\157\377\014\123\100\122\006\214\307\147\054\230\136\127\213\060\021}{subsection.2.5.8}% 76
\BOOKMARK [3][-]{subsubsection*.62}{\376\377\060\020\214\241\165\042\116\244\146\023\060\021}{subsection.2.5.8}% 77
\BOOKMARK [3][-]{subsubsection*.63}{\376\377\060\020\145\077\136\234\155\076\231\320\060\021}{subsection.2.5.8}% 78
\BOOKMARK [3][-]{subsubsection*.64}{\376\377\060\020\130\203\121\147\175\223\161\337\060\021}{subsection.2.5.8}% 79
\BOOKMARK [3][-]{subsubsection*.65}{\376\377\060\020\172\366\142\200\060\001\172\366\214\375\060\001\152\137\147\003\116\055\163\116\060\021}{subsection.2.5.8}% 80
\BOOKMARK [3][-]{subsubsection*.66}{\376\377\060\020\121\166\116\326\145\066\166\312\060\021}{subsection.2.5.8}% 81
\BOOKMARK [2][-]{subsection.2.5.9}{\376\377\060\020\172\005\143\120\133\242\232\324\134\017\175\120\060\021}{section.2.5}% 82
\BOOKMARK [1][-]{section.2.6}{\376\377\060\020\172\005\127\372\060\021}{chapter.2}% 83
\BOOKMARK [2][-]{subsection.2.6.1}{\376\377\060\020\133\242\211\300\202\007\116\073\211\300\121\310\142\100\137\227\060\021}{section.2.6}% 84
\BOOKMARK [2][-]{subsection.2.6.2}{\376\377\060\020\133\242\211\300\155\350\120\074\123\237\122\107\060\021}{section.2.6}% 85
\BOOKMARK [3][-]{subsubsection*.67}{\376\377\060\020\166\310\206\147\116\222\142\265\060\021}{subsection.2.6.2}% 86
\BOOKMARK [3][-]{subsubsection*.68}{\376\377\060\020\133\242\211\300\155\350\120\074\127\050\0001\0004\150\235\166\204\124\004\230\136\142\100\137\227\060\021}{subsection.2.6.2}% 87
\BOOKMARK [3][-]{subsubsection*.69}{\376\377\060\020\145\170\120\013\116\073\232\324\124\010\117\165\212\010\173\227\060\021}{subsection.2.6.2}% 88
\BOOKMARK [2][-]{subsection.2.6.3}{\376\377\060\020\134\017\175\120\060\021}{section.2.6}% 89
\BOOKMARK [2][-]{subsection.2.6.4}{\376\377\060\020\116\073\211\300\155\350\120\074\060\021}{section.2.6}% 90
\BOOKMARK [3][-]{subsubsection*.70}{\376\377\060\020\165\037\133\130\153\012\117\335\226\234\060\021}{subsection.2.6.4}% 91
\BOOKMARK [3][-]{subsubsection*.71}{\376\377\060\020\121\115\172\005\230\115\060\021}{subsection.2.6.4}% 92
\BOOKMARK [3][-]{subsubsection*.72}{\376\377\060\020\152\031\156\226\142\143\226\144\230\115\202\007\122\027\202\011\142\143\226\144\230\115\060\021}{subsection.2.6.4}% 93
\BOOKMARK [3][-]{subsubsection*.73}{\376\377\060\020\122\027\202\011\142\143\226\144\230\115\060\021}{subsection.2.6.4}% 94
\BOOKMARK [3][-]{subsubsection*.78}{\376\377\060\020\162\171\122\045\142\143\226\144\230\115\060\021}{subsection.2.6.4}% 95
\BOOKMARK [1][-]{section.2.7}{\376\377\060\020\172\005\163\207\060\021}{chapter.2}% 96
\BOOKMARK [1][-]{section.2.8}{\376\377\060\020\142\100\137\227\172\005\154\325\150\235\166\204\211\217\173\304\175\120\151\313\060\021}{chapter.2}% 97
\BOOKMARK [2][-]{subsection.2.8.1}{\376\377\060\020\116\000\202\054\211\217\133\232\060\021}{section.2.8}% 98
\BOOKMARK [2][-]{subsection.2.8.2}{\376\377\060\020\124\015\212\136\133\232\177\251\060\021}{section.2.8}% 99
\BOOKMARK [2][-]{subsection.2.8.3}{\376\377\060\020\175\234\124\010\142\100\137\227\172\005\060\021}{section.2.8}% 100
\BOOKMARK [0][-]{chapter.3}{\376\377\060\020\172\005\143\120\172\075\137\265\060\021}{}% 101
\BOOKMARK [1][-]{section.3.1}{\376\377\060\020\172\005\143\120\172\075\137\265\172\013\136\217\060\021}{chapter.3}% 102
\BOOKMARK [2][-]{subsection.3.1.1}{\376\377\060\020\175\120\173\227\165\063\130\061\176\163\175\015\060\021}{section.3.1}% 103
\BOOKMARK [2][-]{subsection.3.1.2}{\376\377\060\020\156\242\176\163\172\005\153\076\217\324\220\204\000\040\000v\000s\000\040\220\000\175\146\172\005\153\076\060\021}{section.3.1}% 104
\BOOKMARK [2][-]{subsection.3.1.3}{\376\377\060\020\130\061\176\163\124\010\116\000\060\021}{section.3.1}% 105
\BOOKMARK [1][-]{section.3.2}{\376\377\060\020\132\132\131\373\215\337\133\266\136\255\060\021}{chapter.3}% 106
\BOOKMARK [2][-]{subsection.3.2.1}{\376\377\060\020\132\132\131\373\215\337\133\266\136\255\166\204\124\010\117\165\172\005\122\066\060\021}{section.3.2}% 107
\BOOKMARK [2][-]{subsection.3.2.2}{\376\377\060\020\132\132\131\373\060\021}{section.3.2}% 108
\BOOKMARK [2][-]{subsection.3.2.3}{\376\377\060\020\133\266\136\255\212\262\172\005\122\066\060\021}{section.3.2}% 109
\BOOKMARK [1][-]{section.3.3}{\376\377\060\020\134\061\156\220\142\143\176\163\172\013\136\217\060\021}{chapter.3}% 110
\BOOKMARK [2][-]{subsection.3.3.1}{\376\377\060\020\142\143\176\163\177\251\122\331\116\272\060\021}{section.3.3}% 111
\BOOKMARK [2][-]{subsection.3.3.2}{\376\377\060\020\142\143\176\163\177\251\122\331\166\204\121\147\133\271\060\021}{section.3.3}% 112
\BOOKMARK [2][-]{subsection.3.3.3}{\376\377\060\020\142\143\176\163\177\251\122\331\116\272\166\204\214\254\116\373\120\265\122\331\060\021}{section.3.3}% 113
\BOOKMARK [2][-]{subsection.3.3.4}{\376\377\060\020\142\143\176\163\177\251\122\331\116\272\166\204\122\066\210\301\060\021}{section.3.3}% 114
\BOOKMARK [2][-]{subsection.3.3.5}{\376\377\060\020\221\313\133\127\0006\0007\0003\206\137\060\021}{section.3.3}% 115
\BOOKMARK [1][-]{section.3.4}{\376\377\060\020\142\143\176\163\122\066\136\246\212\125\147\220\060\021}{chapter.3}% 116
\BOOKMARK [2][-]{subsection.3.4.1}{\376\377\060\020\134\061\156\220\142\143\176\163\122\066\136\246\116\113\124\010\141\262\140\047\060\021}{section.3.4}% 117
\BOOKMARK [3][-]{subsubsection*.79}{\376\377\060\020\130\203\131\026\142\100\137\227\200\005\060\021}{subsection.3.4.1}% 118
\BOOKMARK [3][-]{subsubsection*.80}{\376\377\060\020\130\203\121\147\142\100\137\227\200\005\060\021}{subsection.3.4.1}% 119
\BOOKMARK [2][-]{subsection.3.4.2}{\376\377\060\020\142\143\176\163\177\251\122\331\116\272\060\021}{section.3.4}% 120
\BOOKMARK [3][-]{subsubsection*.81}{\376\377\060\020\142\143\176\163\177\251\122\331\116\272\166\204\154\325\137\213\116\012\127\060\117\115\060\021}{subsection.3.4.2}% 121
\BOOKMARK [3][-]{subsubsection*.82}{\376\377\060\020\142\143\176\163\177\251\122\331\116\073\232\324\166\204\223\057\212\244\212\055\133\232\060\021}{subsection.3.4.2}% 122
\BOOKMARK [3][-]{subsubsection*.83}{\376\377\060\020\134\061\156\220\142\143\176\163\166\204\177\251\122\331\121\147\133\271\060\021}{subsection.3.4.2}% 123
\BOOKMARK [3][-]{subsubsection*.84}{\376\377\060\020\142\143\176\163\177\251\122\331\116\272\166\204\214\254\116\373\120\265\122\331\060\021}{subsection.3.4.2}% 124
\BOOKMARK [3][-]{subsubsection*.85}{\376\377\060\020\142\143\176\163\177\251\122\331\116\272\166\204\210\301\177\160\060\021}{subsection.3.4.2}% 125
\BOOKMARK [1][-]{section.3.5}{\376\377\060\020\142\143\176\163\177\251\122\331\116\272\202\007\116\343\137\265\116\272\060\021}{chapter.3}% 126
\BOOKMARK [1][-]{section.3.6}{\376\377\060\020\175\120\173\227\165\063\130\061\122\066\136\246\202\007\123\124\122\233\177\251\122\331\060\021}{chapter.3}% 127
\BOOKMARK [0][-]{chapter.4}{\376\377\060\020\172\005\143\120\122\066\210\301\154\325\060\021}{}% 128
\BOOKMARK [0][-]{chapter.4}{\376\377\226\104\223\004}{}% 129
\BOOKMARK [0][-]{appendix.A}{\376\377\060\020\225\213\133\170\173\054\116\000\212\262\060\021}{}% 130
\BOOKMARK [0][-]{appendix.B}{\376\377\060\020\147\037\116\055\200\003\060\021}{}% 131
\BOOKMARK [1][-]{section.B.1}{\376\377\060\020\147\037\116\055\200\003\122\115\060\021}{appendix.B}% 132
\BOOKMARK [1][-]{section.B.2}{\376\377\060\020\147\037\116\055\200\003\152\242\212\016\060\021}{appendix.B}% 133
\BOOKMARK [2][-]{subsection.B.2.1}{\376\377\060\020\147\037\116\055\200\003\173\054\116\000\230\114\060\021}{section.B.2}% 134
\BOOKMARK [2][-]{subsection.B.2.2}{\376\377\060\020\147\037\116\055\200\003\173\054\116\214\230\114\060\021}{section.B.2}% 135
\BOOKMARK [0][-]{appendix.C}{\376\377\060\020\172\005\154\325\166\204\141\262\154\325\140\035\175\255\060\021}{}% 136
\BOOKMARK [0][-]{appendix.D}{\376\377\060\020\147\037\147\053\200\003\060\021}{}% 137
\BOOKMARK [0][-]{section*.86}{\376\377\175\042\137\025}{}% 138
